<?xml version="1.0" encoding="UTF-8"?>
<!-- Generated by org.testng.reporters.JUnitReportReporter -->
<testsuite skipped="0" hostname="LAPTOP-DST2RPGM" name="org.test.Sample" tests="2" failures="0" timestamp="25 Oct 2018 13:50:28 GMT" time="0.036" errors="0">
  <testcase name="test1" time="0.022" classname="org.test.Sample"/>
  <testcase name="test2" time="0.014" classname="org.test.Sample"/>
</testsuite> <!-- org.test.Sample -->
