<?xml version="1.0" encoding="UTF-8"?>
<!-- Generated by org.testng.reporters.JUnitReportReporter -->
<testsuite skipped="0" hostname="LAPTOP-DST2RPGM" name="org.test.Sample1" tests="1" failures="0" timestamp="27 Oct 2018 03:52:14 GMT" time="0.827" errors="0">
  <testcase name="test" time="0.827" classname="org.test.Sample1"/>
</testsuite> <!-- org.test.Sample1 -->
