<?xml version="1.0" encoding="UTF-8"?>
<!-- Generated by org.testng.reporters.JUnitReportReporter -->
<testsuite skipped="0" hostname="LAPTOP-DST2RPGM" name="org.test.Test1" tests="1" failures="0" timestamp="27 Oct 2018 04:20:51 GMT" time="2.272" errors="0">
  <testcase name="test" time="2.272" classname="org.test.Test1"/>
</testsuite> <!-- org.test.Test1 -->
